<?xml version="1.0" encoding="UTF-8"?>
<!-- Generated by org.testng.reporters.JUnitXMLReporter -->
<testsuite ignored="0" hostname="ICS-LTP-VELSEL" failures="1" tests="3" name="Test" time="15.788" errors="0" timestamp="2023-11-27T12:06:54 NZDT">
  <testcase classname="Day45.Orangehrm" name="testLogo" time="0.12"/>
  <testcase classname="Day45.Orangehrm" name="testAppUrl" time="0.019">
    <failure type="java.lang.AssertionError" message="expected [https://opensource-demo.orangehrmlive.com/] but found [https://opensource-demo.orangehrmlive.com/web/index.php/auth/login]">
      <![CDATA[java.lang.AssertionError: expected [https://opensource-demo.orangehrmlive.com/] but found [https://opensource-demo.orangehrmlive.com/web/index.php/auth/login]
at Day45.Orangehrm.testAppUrl(Orangehrm.java:43)
at java.base/java.util.ArrayList.forEach(ArrayList.java:1511)
... Removed 31 stack frames]]>
    </failure>
  </testcase> <!-- testAppUrl -->
  <testcase classname="Day45.Orangehrm" name="testHomePageTitle" time="0.0">
    <skipped/>
  </testcase> <!-- testHomePageTitle -->
</testsuite> <!-- Test -->
